  
  C++/WinRT v2.0.220531.1
  Copyright (c) Microsoft Corporation. All rights reserved.
  
    cppwinrt.exe [options...]
  
  Options:
  
    -input <spec>       Windows metadata to include in projection
    -reference <spec>   Windows metadata to reference from projection
    -output <path>      Location of generated projection and component templates
    -component [<path>] Generate component templates, and optional implementation
    -name <name>        Specify explicit name for component files
    -verbose            Show detailed progress information
    -overwrite          Overwrite generated component files
    -prefix             Use dotted namespace convention for component files (defaults to folders)
    -pch <name>         Specify name of precompiled header file (defaults to pch.h; use '.' to disable)
    -include <prefix>   One or more prefixes to include in input
    -exclude <prefix>   One or more prefixes to exclude from input
    -base               Generate base.h unconditionally
    -optimize           Generate component projection with unified construction support
    -help               Show detailed help with examples
    -library <prefix>   Specify library prefix (defaults to winrt)
    @<path>             Response file containing command line options
  
  Where <spec> is one or more of:
  
    path                Path to winmd file or recursively scanned folder
    local               Local %WinDir%\System32\WinMetadata folder
    sdk[+]              Current version of Windows SDK [with extensions]
    10.0.12345.0[+]     Specific version of Windows SDK [with extensions]
  die for you.cpp
LINK : warning LNK4098: библиотека по умолчанию "LIBCMT" конфликтует с использованием других библиотек; используйте /NODEFAULTLIB:library
  Создание кода
  8 of 144 functions ( 5.6%) were compiled, the rest were copied from previous compilation.
    1 functions were new in current compilation
    4 functions had inline decision re-evaluated but remain unchanged
  Создание кода завершено
  それはあなたですか.vcxproj -> C:\Users\yterb\source\repos\それはあなたですか\x64\Release\それは本当ですか.exe
